<?xml version="1.0" encoding="UTF-8"?>
<!-- Generated by org.testng.reporters.JUnitXMLReporter -->
<testsuite ignored="0" hostname="Bhanu-Chapeau" failures="0" tests="14" name="CSV Comparison Tests" time="0.187" errors="0" timestamp="2025-02-08T11:37:05 EST">
  <testcase classname="com.csv.comparator.CSVComparatorTest" name="testCompareCSVFiles_Case_Sensitivity_Formats" time="0.03"/>
  <testcase classname="com.csv.comparator.CSVComparatorTest" name="testCompareCSVFiles_DifferentColumnOrder" time="0.004"/>
  <testcase classname="com.csv.comparator.CSVComparatorTest" name="testCompareCSVFiles_DifferentContent" time="0.004"/>
  <testcase classname="com.csv.comparator.CSVComparatorTest" name="testCompareCSVFiles_Different_Date_Formats" time="0.003"/>
  <testcase classname="com.csv.comparator.CSVComparatorTest" name="testCompareCSVFiles_Different_Number_Formats" time="0.008"/>
  <testcase classname="com.csv.comparator.CSVComparatorTest" name="testCompareCSVFiles_EmptyRows" time="0.005"/>
  <testcase classname="com.csv.comparator.CSVComparatorTest" name="testCompareCSVFiles_ExtraColumnsInFile2" time="0.004"/>
  <testcase classname="com.csv.comparator.CSVComparatorTest" name="testCompareCSVFiles_ExtraRowsInFile2" time="0.003"/>
  <testcase classname="com.csv.comparator.CSVComparatorTest" name="testCompareCSVFiles_Extra_Whitespaces_Between_Words" time="0.002"/>
  <testcase classname="com.csv.comparator.CSVComparatorTest" name="testCompareCSVFiles_IdenticalFiles" time="0.002"/>
  <testcase classname="com.csv.comparator.CSVComparatorTest" name="testCompareCSVFiles_MissingColumnInFile2" time="0.002"/>
  <testcase classname="com.csv.comparator.CSVComparatorTest" name="testCompareCSVFiles_MissingRow" time="0.002"/>
  <testcase classname="com.csv.comparator.CSVComparatorTest" name="testCompareCSVFiles_Missing_File" time="0.002"/>
  <testcase classname="com.csv.comparator.CSVComparatorTest" name="testCompareCSVFiles_SameContent" time="0.002"/>
</testsuite> <!-- CSV Comparison Tests -->
