<?xml version="1.0" encoding="UTF-8"?>
<!-- Generated by org.testng.reporters.JUnitXMLReporter -->
<testsuite ignored="0" hostname="Bhanu-Chapeau" failures="0" tests="9" name="CSV Comparison Tests" time="0.14" errors="0" timestamp="2025-02-08T01:10:50 EST">
  <testcase classname="com.csv.comparator.CSVComparatorTest" name="testCompareCSVFiles_DifferentColumnOrder" time="0.027"/>
  <testcase classname="com.csv.comparator.CSVComparatorTest" name="testCompareCSVFiles_DifferentContent" time="0.004"/>
  <testcase classname="com.csv.comparator.CSVComparatorTest" name="testCompareCSVFiles_EmptyRows" time="0.003"/>
  <testcase classname="com.csv.comparator.CSVComparatorTest" name="testCompareCSVFiles_ExtraColumnsInFile2" time="0.003"/>
  <testcase classname="com.csv.comparator.CSVComparatorTest" name="testCompareCSVFiles_ExtraRowsInFile2" time="0.002"/>
  <testcase classname="com.csv.comparator.CSVComparatorTest" name="testCompareCSVFiles_IdenticalFiles" time="0.003"/>
  <testcase classname="com.csv.comparator.CSVComparatorTest" name="testCompareCSVFiles_MissingColumnInFile2" time="0.003"/>
  <testcase classname="com.csv.comparator.CSVComparatorTest" name="testCompareCSVFiles_MissingRow" time="0.004"/>
  <testcase classname="com.csv.comparator.CSVComparatorTest" name="testCompareCSVFiles_SameContent" time="0.003"/>
</testsuite> <!-- CSV Comparison Tests -->
