<?xml version="1.0" encoding="UTF-8"?>
<testsuite xmlns:xsi="http://www.w3.org/2001/XMLSchema-instance" xsi:noNamespaceSchemaLocation="https://maven.apache.org/surefire/maven-surefire-plugin/xsd/surefire-test-report-3.0.xsd" version="3.0" name="TestSuite" time="0.588" tests="9" errors="0" skipped="0" failures="0">
  <properties>
[...]
</properties>
  <testcase name="testCompareCSVFiles_DifferentColumnOrder" classname="com.csv.comparator.CSVComparatorTest" time="0.02">
    <system-out><![CDATA[00:46:21.681 [main] DEBUG org.testng.TestNG -- suiteXmlPath: "C:\Users\BhanuChander\eclipse-workspace\csv-comparator\testng.xml"
00:46:21.734 [main] WARN org.testng.xml.TestNGContentHandler -- It is strongly recommended to add "<!DOCTYPE suite SYSTEM "https://testng.org/testng-1.0.dtd" >" at the top of the suite file [C:\Users\BhanuChander\eclipse-workspace\csv-comparator\testng.xml] otherwise TestNG may fail or not work as expected.
***************Test Started***************
Comparing file1.csv and file5.csv (same data, different column order)
Difference at row 1, column 1: File1 value: 'ID', File2 value: 'Name'
Difference at row 1, column 2: File1 value: 'Name', File2 value: 'ID'
Difference at row 2, column 1: File1 value: '1', File2 value: 'John'
Difference at row 2, column 2: File1 value: 'John', File2 value: '1'
Difference at row 3, column 1: File1 value: '2', File2 value: 'Alice'
Difference at row 3, column 2: File1 value: 'Alice', File2 value: '2'
Difference at row 4, column 1: File1 value: '3', File2 value: 'Bob'
Difference at row 4, column 2: File1 value: 'Bob', File2 value: '3'
]]></system-out>
  </testcase>
  <testcase name="testCompareCSVFiles_DifferentContent" classname="com.csv.comparator.CSVComparatorTest" time="0.001">
    <system-out><![CDATA[***************Test Completed***************

***************Test Started***************
Comparing file1.csv and file2.csv
Difference at row 3, column 4: File1 value: 'IT', File2 value: 'Finance'
]]></system-out>
  </testcase>
  <testcase name="testCompareCSVFiles_EmptyRows" classname="com.csv.comparator.CSVComparatorTest" time="0">
    <system-out><![CDATA[***************Test Completed***************

***************Test Started***************
Comparing file1.csv and file9.csv (file2 has empty rows)
Difference at row 3, column 2: File1 value: 'Alice', File2 value: ''
Difference at row 3, column 3: File1 value: '30', File2 value: ''
Difference at row 3, column 4: File1 value: 'IT', File2 value: ''
]]></system-out>
  </testcase>
  <testcase name="testCompareCSVFiles_ExtraColumnsInFile2" classname="com.csv.comparator.CSVComparatorTest" time="0">
    <system-out><![CDATA[***************Test Completed***************

***************Test Started***************
Comparing file1.csv and file6.csv (file2 has extra columns)
Difference at row 1, column 5: File1 value: '', File2 value: 'Gender'
Difference at row 2, column 5: File1 value: '', File2 value: 'Male'
Difference at row 3, column 4: File1 value: 'IT', File2 value: 'Finance'
Difference at row 3, column 5: File1 value: '', File2 value: 'Female'
Difference at row 4, column 5: File1 value: '', File2 value: 'Male'
]]></system-out>
  </testcase>
  <testcase name="testCompareCSVFiles_ExtraRowsInFile2" classname="com.csv.comparator.CSVComparatorTest" time="0.002">
    <system-out><![CDATA[***************Test Completed***************

***************Test Started***************
Comparing file1.csv and file7.csv (file2 has extra rows)
Row 5 is missing in the first file.
Difference at row 5, column 1: File1 value: '', File2 value: '4'
Difference at row 5, column 2: File1 value: '', File2 value: 'Charlie'
Difference at row 5, column 3: File1 value: '', File2 value: '22'
Difference at row 5, column 4: File1 value: '', File2 value: 'HR'
]]></system-out>
  </testcase>
  <testcase name="testCompareCSVFiles_IdenticalFiles" classname="com.csv.comparator.CSVComparatorTest" time="0">
    <system-out><![CDATA[***************Test Completed***************

***************Test Started***************
Comparing file1.csv and file1.csv (same content)
]]></system-out>
  </testcase>
  <testcase name="testCompareCSVFiles_MissingColumnInFile2" classname="com.csv.comparator.CSVComparatorTest" time="0.002">
    <system-out><![CDATA[***************Test Completed***************

***************Test Started***************
Comparing file1.csv and file8.csv (file2 is missing a column)
Difference at row 1, column 4: File1 value: 'Department', File2 value: ''
Difference at row 2, column 4: File1 value: 'HR', File2 value: ''
Difference at row 3, column 4: File1 value: 'IT', File2 value: ''
Difference at row 4, column 4: File1 value: 'Marketing', File2 value: ''
]]></system-out>
  </testcase>
  <testcase name="testCompareCSVFiles_MissingRow" classname="com.csv.comparator.CSVComparatorTest" time="0">
    <system-out><![CDATA[***************Test Completed***************

***************Test Started***************
Comparing file1.csv and file4.csv
Row 4 is missing in the second file.
Difference at row 4, column 1: File1 value: '3', File2 value: ''
Difference at row 4, column 2: File1 value: 'Bob', File2 value: ''
Difference at row 4, column 3: File1 value: '28', File2 value: ''
Difference at row 4, column 4: File1 value: 'Marketing', File2 value: ''
]]></system-out>
  </testcase>
  <testcase name="testCompareCSVFiles_SameContent" classname="com.csv.comparator.CSVComparatorTest" time="0">
    <system-out><![CDATA[***************Test Completed***************

***************Test Started***************
Comparing file1.csv and file3.csv
Difference at row 2, column 3: File1 value: '25', File2 value: '26'
]]></system-out>
  </testcase>
</testsuite>