<?xml version="1.0" encoding="UTF-8"?>
<testng-results ignored="0" total="14" passed="14" failed="0" skipped="0">
  <reporter-output>
  </reporter-output>
  <suite started-at="2025-02-08T11:36:47 EST" name="CSV Comparison Suite" finished-at="2025-02-08T11:36:47 EST" duration-ms="104">
    <groups>
    </groups>
    <test started-at="2025-02-08T11:36:47 EST" name="CSV Comparison Tests" finished-at="2025-02-08T11:36:47 EST" duration-ms="104">
      <class name="com.csv.comparator.CSVComparatorTest">
        <test-method is-config="true" signature="printTestStarted()[pri:0, instance:com.csv.comparator.CSVComparatorTest@40005471]" started-at="2025-02-08T11:36:47 EST" name="printTestStarted" finished-at="2025-02-08T11:36:47 EST" duration-ms="7" status="PASS">
          <reporter-output>
          </reporter-output>
        </test-method> <!-- printTestStarted -->
        <test-method signature="testCompareCSVFiles_Case_Sensitivity_Formats()[pri:0, instance:com.csv.comparator.CSVComparatorTest@40005471]" started-at="2025-02-08T11:36:47 EST" name="testCompareCSVFiles_Case_Sensitivity_Formats" finished-at="2025-02-08T11:36:47 EST" duration-ms="18" status="PASS">
          <reporter-output>
          </reporter-output>
        </test-method> <!-- testCompareCSVFiles_Case_Sensitivity_Formats -->
        <test-method is-config="true" signature="printTestComplete()[pri:0, instance:com.csv.comparator.CSVComparatorTest@40005471]" started-at="2025-02-08T11:36:47 EST" name="printTestComplete" finished-at="2025-02-08T11:36:47 EST" duration-ms="1" status="PASS">
          <reporter-output>
          </reporter-output>
        </test-method> <!-- printTestComplete -->
        <test-method signature="testCompareCSVFiles_DifferentColumnOrder()[pri:0, instance:com.csv.comparator.CSVComparatorTest@40005471]" started-at="2025-02-08T11:36:47 EST" name="testCompareCSVFiles_DifferentColumnOrder" finished-at="2025-02-08T11:36:47 EST" duration-ms="5" status="PASS">
          <reporter-output>
          </reporter-output>
        </test-method> <!-- testCompareCSVFiles_DifferentColumnOrder -->
        <test-method is-config="true" signature="printTestStarted()[pri:0, instance:com.csv.comparator.CSVComparatorTest@40005471]" started-at="2025-02-08T11:36:47 EST" name="printTestStarted" finished-at="2025-02-08T11:36:47 EST" duration-ms="0" status="PASS">
          <reporter-output>
          </reporter-output>
        </test-method> <!-- printTestStarted -->
        <test-method is-config="true" signature="printTestComplete()[pri:0, instance:com.csv.comparator.CSVComparatorTest@40005471]" started-at="2025-02-08T11:36:47 EST" name="printTestComplete" finished-at="2025-02-08T11:36:47 EST" duration-ms="0" status="PASS">
          <reporter-output>
          </reporter-output>
        </test-method> <!-- printTestComplete -->
        <test-method is-config="true" signature="printTestStarted()[pri:0, instance:com.csv.comparator.CSVComparatorTest@40005471]" started-at="2025-02-08T11:36:47 EST" name="printTestStarted" finished-at="2025-02-08T11:36:47 EST" duration-ms="1" status="PASS">
          <reporter-output>
          </reporter-output>
        </test-method> <!-- printTestStarted -->
        <test-method signature="testCompareCSVFiles_DifferentContent()[pri:0, instance:com.csv.comparator.CSVComparatorTest@40005471]" started-at="2025-02-08T11:36:47 EST" name="testCompareCSVFiles_DifferentContent" finished-at="2025-02-08T11:36:47 EST" duration-ms="1" status="PASS">
          <reporter-output>
          </reporter-output>
        </test-method> <!-- testCompareCSVFiles_DifferentContent -->
        <test-method is-config="true" signature="printTestComplete()[pri:0, instance:com.csv.comparator.CSVComparatorTest@40005471]" started-at="2025-02-08T11:36:47 EST" name="printTestComplete" finished-at="2025-02-08T11:36:47 EST" duration-ms="0" status="PASS">
          <reporter-output>
          </reporter-output>
        </test-method> <!-- printTestComplete -->
        <test-method signature="testCompareCSVFiles_Different_Date_Formats()[pri:0, instance:com.csv.comparator.CSVComparatorTest@40005471]" started-at="2025-02-08T11:36:47 EST" name="testCompareCSVFiles_Different_Date_Formats" finished-at="2025-02-08T11:36:47 EST" duration-ms="1" status="PASS">
          <reporter-output>
          </reporter-output>
        </test-method> <!-- testCompareCSVFiles_Different_Date_Formats -->
        <test-method is-config="true" signature="printTestStarted()[pri:0, instance:com.csv.comparator.CSVComparatorTest@40005471]" started-at="2025-02-08T11:36:47 EST" name="printTestStarted" finished-at="2025-02-08T11:36:47 EST" duration-ms="0" status="PASS">
          <reporter-output>
          </reporter-output>
        </test-method> <!-- printTestStarted -->
        <test-method signature="testCompareCSVFiles_Different_Number_Formats()[pri:0, instance:com.csv.comparator.CSVComparatorTest@40005471]" started-at="2025-02-08T11:36:47 EST" name="testCompareCSVFiles_Different_Number_Formats" finished-at="2025-02-08T11:36:47 EST" duration-ms="1" status="PASS">
          <reporter-output>
          </reporter-output>
        </test-method> <!-- testCompareCSVFiles_Different_Number_Formats -->
        <test-method is-config="true" signature="printTestStarted()[pri:0, instance:com.csv.comparator.CSVComparatorTest@40005471]" started-at="2025-02-08T11:36:47 EST" name="printTestStarted" finished-at="2025-02-08T11:36:47 EST" duration-ms="0" status="PASS">
          <reporter-output>
          </reporter-output>
        </test-method> <!-- printTestStarted -->
        <test-method is-config="true" signature="printTestComplete()[pri:0, instance:com.csv.comparator.CSVComparatorTest@40005471]" started-at="2025-02-08T11:36:47 EST" name="printTestComplete" finished-at="2025-02-08T11:36:47 EST" duration-ms="0" status="PASS">
          <reporter-output>
          </reporter-output>
        </test-method> <!-- printTestComplete -->
        <test-method signature="testCompareCSVFiles_EmptyRows()[pri:0, instance:com.csv.comparator.CSVComparatorTest@40005471]" started-at="2025-02-08T11:36:47 EST" name="testCompareCSVFiles_EmptyRows" finished-at="2025-02-08T11:36:47 EST" duration-ms="1" status="PASS">
          <reporter-output>
          </reporter-output>
        </test-method> <!-- testCompareCSVFiles_EmptyRows -->
        <test-method is-config="true" signature="printTestStarted()[pri:0, instance:com.csv.comparator.CSVComparatorTest@40005471]" started-at="2025-02-08T11:36:47 EST" name="printTestStarted" finished-at="2025-02-08T11:36:47 EST" duration-ms="0" status="PASS">
          <reporter-output>
          </reporter-output>
        </test-method> <!-- printTestStarted -->
        <test-method is-config="true" signature="printTestComplete()[pri:0, instance:com.csv.comparator.CSVComparatorTest@40005471]" started-at="2025-02-08T11:36:47 EST" name="printTestComplete" finished-at="2025-02-08T11:36:47 EST" duration-ms="0" status="PASS">
          <reporter-output>
          </reporter-output>
        </test-method> <!-- printTestComplete -->
        <test-method is-config="true" signature="printTestStarted()[pri:0, instance:com.csv.comparator.CSVComparatorTest@40005471]" started-at="2025-02-08T11:36:47 EST" name="printTestStarted" finished-at="2025-02-08T11:36:47 EST" duration-ms="2" status="PASS">
          <reporter-output>
          </reporter-output>
        </test-method> <!-- printTestStarted -->
        <test-method is-config="true" signature="printTestComplete()[pri:0, instance:com.csv.comparator.CSVComparatorTest@40005471]" started-at="2025-02-08T11:36:47 EST" name="printTestComplete" finished-at="2025-02-08T11:36:47 EST" duration-ms="0" status="PASS">
          <reporter-output>
          </reporter-output>
        </test-method> <!-- printTestComplete -->
        <test-method signature="testCompareCSVFiles_ExtraColumnsInFile2()[pri:0, instance:com.csv.comparator.CSVComparatorTest@40005471]" started-at="2025-02-08T11:36:47 EST" name="testCompareCSVFiles_ExtraColumnsInFile2" finished-at="2025-02-08T11:36:47 EST" duration-ms="1" status="PASS">
          <reporter-output>
          </reporter-output>
        </test-method> <!-- testCompareCSVFiles_ExtraColumnsInFile2 -->
        <test-method is-config="true" signature="printTestComplete()[pri:0, instance:com.csv.comparator.CSVComparatorTest@40005471]" started-at="2025-02-08T11:36:47 EST" name="printTestComplete" finished-at="2025-02-08T11:36:47 EST" duration-ms="0" status="PASS">
          <reporter-output>
          </reporter-output>
        </test-method> <!-- printTestComplete -->
        <test-method signature="testCompareCSVFiles_ExtraRowsInFile2()[pri:0, instance:com.csv.comparator.CSVComparatorTest@40005471]" started-at="2025-02-08T11:36:47 EST" name="testCompareCSVFiles_ExtraRowsInFile2" finished-at="2025-02-08T11:36:47 EST" duration-ms="3" status="PASS">
          <reporter-output>
          </reporter-output>
        </test-method> <!-- testCompareCSVFiles_ExtraRowsInFile2 -->
        <test-method is-config="true" signature="printTestStarted()[pri:0, instance:com.csv.comparator.CSVComparatorTest@40005471]" started-at="2025-02-08T11:36:47 EST" name="printTestStarted" finished-at="2025-02-08T11:36:47 EST" duration-ms="0" status="PASS">
          <reporter-output>
          </reporter-output>
        </test-method> <!-- printTestStarted -->
        <test-method is-config="true" signature="printTestComplete()[pri:0, instance:com.csv.comparator.CSVComparatorTest@40005471]" started-at="2025-02-08T11:36:47 EST" name="printTestComplete" finished-at="2025-02-08T11:36:47 EST" duration-ms="1" status="PASS">
          <reporter-output>
          </reporter-output>
        </test-method> <!-- printTestComplete -->
        <test-method signature="testCompareCSVFiles_Extra_Whitespaces_Between_Words()[pri:0, instance:com.csv.comparator.CSVComparatorTest@40005471]" started-at="2025-02-08T11:36:47 EST" name="testCompareCSVFiles_Extra_Whitespaces_Between_Words" finished-at="2025-02-08T11:36:47 EST" duration-ms="3" status="PASS">
          <reporter-output>
          </reporter-output>
        </test-method> <!-- testCompareCSVFiles_Extra_Whitespaces_Between_Words -->
        <test-method is-config="true" signature="printTestStarted()[pri:0, instance:com.csv.comparator.CSVComparatorTest@40005471]" started-at="2025-02-08T11:36:47 EST" name="printTestStarted" finished-at="2025-02-08T11:36:47 EST" duration-ms="0" status="PASS">
          <reporter-output>
          </reporter-output>
        </test-method> <!-- printTestStarted -->
        <test-method is-config="true" signature="printTestComplete()[pri:0, instance:com.csv.comparator.CSVComparatorTest@40005471]" started-at="2025-02-08T11:36:47 EST" name="printTestComplete" finished-at="2025-02-08T11:36:47 EST" duration-ms="0" status="PASS">
          <reporter-output>
          </reporter-output>
        </test-method> <!-- printTestComplete -->
        <test-method signature="testCompareCSVFiles_IdenticalFiles()[pri:0, instance:com.csv.comparator.CSVComparatorTest@40005471]" started-at="2025-02-08T11:36:47 EST" name="testCompareCSVFiles_IdenticalFiles" finished-at="2025-02-08T11:36:47 EST" duration-ms="1" status="PASS">
          <reporter-output>
          </reporter-output>
        </test-method> <!-- testCompareCSVFiles_IdenticalFiles -->
        <test-method is-config="true" signature="printTestStarted()[pri:0, instance:com.csv.comparator.CSVComparatorTest@40005471]" started-at="2025-02-08T11:36:47 EST" name="printTestStarted" finished-at="2025-02-08T11:36:47 EST" duration-ms="0" status="PASS">
          <reporter-output>
          </reporter-output>
        </test-method> <!-- printTestStarted -->
        <test-method is-config="true" signature="printTestComplete()[pri:0, instance:com.csv.comparator.CSVComparatorTest@40005471]" started-at="2025-02-08T11:36:47 EST" name="printTestComplete" finished-at="2025-02-08T11:36:47 EST" duration-ms="1" status="PASS">
          <reporter-output>
          </reporter-output>
        </test-method> <!-- printTestComplete -->
        <test-method signature="testCompareCSVFiles_MissingColumnInFile2()[pri:0, instance:com.csv.comparator.CSVComparatorTest@40005471]" started-at="2025-02-08T11:36:47 EST" name="testCompareCSVFiles_MissingColumnInFile2" finished-at="2025-02-08T11:36:47 EST" duration-ms="1" status="PASS">
          <reporter-output>
          </reporter-output>
        </test-method> <!-- testCompareCSVFiles_MissingColumnInFile2 -->
        <test-method is-config="true" signature="printTestStarted()[pri:0, instance:com.csv.comparator.CSVComparatorTest@40005471]" started-at="2025-02-08T11:36:47 EST" name="printTestStarted" finished-at="2025-02-08T11:36:47 EST" duration-ms="0" status="PASS">
          <reporter-output>
          </reporter-output>
        </test-method> <!-- printTestStarted -->
        <test-method is-config="true" signature="printTestComplete()[pri:0, instance:com.csv.comparator.CSVComparatorTest@40005471]" started-at="2025-02-08T11:36:47 EST" name="printTestComplete" finished-at="2025-02-08T11:36:47 EST" duration-ms="0" status="PASS">
          <reporter-output>
          </reporter-output>
        </test-method> <!-- printTestComplete -->
        <test-method signature="testCompareCSVFiles_MissingRow()[pri:0, instance:com.csv.comparator.CSVComparatorTest@40005471]" started-at="2025-02-08T11:36:47 EST" name="testCompareCSVFiles_MissingRow" finished-at="2025-02-08T11:36:47 EST" duration-ms="1" status="PASS">
          <reporter-output>
          </reporter-output>
        </test-method> <!-- testCompareCSVFiles_MissingRow -->
        <test-method is-config="true" signature="printTestStarted()[pri:0, instance:com.csv.comparator.CSVComparatorTest@40005471]" started-at="2025-02-08T11:36:47 EST" name="printTestStarted" finished-at="2025-02-08T11:36:47 EST" duration-ms="0" status="PASS">
          <reporter-output>
          </reporter-output>
        </test-method> <!-- printTestStarted -->
        <test-method is-config="true" signature="printTestComplete()[pri:0, instance:com.csv.comparator.CSVComparatorTest@40005471]" started-at="2025-02-08T11:36:47 EST" name="printTestComplete" finished-at="2025-02-08T11:36:47 EST" duration-ms="0" status="PASS">
          <reporter-output>
          </reporter-output>
        </test-method> <!-- printTestComplete -->
        <test-method is-config="true" signature="printTestStarted()[pri:0, instance:com.csv.comparator.CSVComparatorTest@40005471]" started-at="2025-02-08T11:36:47 EST" name="printTestStarted" finished-at="2025-02-08T11:36:47 EST" duration-ms="1" status="PASS">
          <reporter-output>
          </reporter-output>
        </test-method> <!-- printTestStarted -->
        <test-method signature="testCompareCSVFiles_Missing_File()[pri:0, instance:com.csv.comparator.CSVComparatorTest@40005471]" started-at="2025-02-08T11:36:47 EST" name="testCompareCSVFiles_Missing_File" finished-at="2025-02-08T11:36:47 EST" duration-ms="1" status="PASS">
          <reporter-output>
          </reporter-output>
        </test-method> <!-- testCompareCSVFiles_Missing_File -->
        <test-method is-config="true" signature="printTestComplete()[pri:0, instance:com.csv.comparator.CSVComparatorTest@40005471]" started-at="2025-02-08T11:36:47 EST" name="printTestComplete" finished-at="2025-02-08T11:36:47 EST" duration-ms="0" status="PASS">
          <reporter-output>
          </reporter-output>
        </test-method> <!-- printTestComplete -->
        <test-method signature="testCompareCSVFiles_SameContent()[pri:0, instance:com.csv.comparator.CSVComparatorTest@40005471]" started-at="2025-02-08T11:36:47 EST" name="testCompareCSVFiles_SameContent" finished-at="2025-02-08T11:36:47 EST" duration-ms="1" status="PASS">
          <reporter-output>
          </reporter-output>
        </test-method> <!-- testCompareCSVFiles_SameContent -->
        <test-method is-config="true" signature="printTestStarted()[pri:0, instance:com.csv.comparator.CSVComparatorTest@40005471]" started-at="2025-02-08T11:36:47 EST" name="printTestStarted" finished-at="2025-02-08T11:36:47 EST" duration-ms="0" status="PASS">
          <reporter-output>
          </reporter-output>
        </test-method> <!-- printTestStarted -->
        <test-method is-config="true" signature="printTestComplete()[pri:0, instance:com.csv.comparator.CSVComparatorTest@40005471]" started-at="2025-02-08T11:36:47 EST" name="printTestComplete" finished-at="2025-02-08T11:36:47 EST" duration-ms="0" status="PASS">
          <reporter-output>
          </reporter-output>
        </test-method> <!-- printTestComplete -->
      </class> <!-- com.csv.comparator.CSVComparatorTest -->
    </test> <!-- CSV Comparison Tests -->
  </suite> <!-- CSV Comparison Suite -->
</testng-results>
